<?xml version="1.0" encoding="UTF-8"?>
<!-- Generated by org.testng.reporters.JUnitXMLReporter -->
<testsuite ignored="0" hostname="Bhartis-MacBook-Pro.local" failures="0" tests="3" name="testngTest" time="25.608" errors="0" timestamp="2022-01-08T16:12:30 PST">
  <testcase classname="Wiki.WikiTest" name="testFunctioningHyperLinks" time="13.035"/>
  <testcase classname="Wiki.WikiTest" name="testHeadingsOFHyperLinks" time="5.49"/>
  <testcase classname="Wiki.WikiTest" name="testPersonifiedConceptsNikePopUpAndFamilyTreeValidation" time="7.018"/>
</testsuite> <!-- testngTest -->
