<?xml version="1.0" encoding="UTF-8"?>
<!-- Generated by org.testng.reporters.JUnitXMLReporter -->
<testsuite ignored="0" hostname="Bhartis-MacBook-Pro.local" failures="0" tests="3" name="Default test" time="27.753" errors="0" timestamp="2022-01-08T18:25:42 PST">
  <testcase classname="Wiki.WikiTest" name="testFunctioningHyperLinks" time="12.128"/>
  <testcase classname="Wiki.WikiTest" name="testHeadingsOfHyperLinks" time="5.219"/>
  <testcase classname="Wiki.WikiTest" name="testPersonifiedConceptsNikePopUpAndFamilyTreeValidation" time="10.329"/>
</testsuite> <!-- Default test -->
